{
  "stats": {
    "suites": 1,
    "tests": 3,
    "passes": 3,
    "pending": 0,
    "failures": 0,
    "start": "2026-02-23T05:50:41.419Z",
    "end": "2026-02-23T05:51:58.011Z",
    "duration": 76592,
    "testsRegistered": 3,
    "passPercent": 100,
    "pendingPercent": 0,
    "other": 0,
    "hasOther": false,
    "skipped": 0,
    "hasSkipped": false
  },
  "results": [
    {
      "uuid": "72d70ec7-42a0-42c4-acb5-cc4f48ba5e21",
      "title": "",
      "fullFile": "cypress\\e2e\\coursera.cy.js",
      "file": "cypress\\e2e\\coursera.cy.js",
      "beforeHooks": [],
      "afterHooks": [],
      "tests": [],
      "suites": [
        {
          "uuid": "99ad9e4b-dc36-472b-b426-9952be6b4be4",
          "title": "Coursera Project ",
          "fullFile": "",
          "file": "",
          "beforeHooks": [],
          "afterHooks": [],
          "tests": [
            {
              "title": "Task-01: Search and display 2 web development courses",
              "fullTitle": "Coursera Project  Task-01: Search and display 2 web development courses",
              "timedOut": null,
              "duration": 16254,
              "state": "passed",
              "speed": "slow",
              "pass": true,
              "fail": false,
              "pending": false,
              "context": null,
              "code": "cy.fixture('courses').then(data => {\n  _homePage.default.searchCourse(data.searchTerm);\n  _searchPage.default.filterLanguage(data.filters.language);\n  _searchPage.default.filterDifficulty(data.filters.difficulty);\n  _searchPage.default.getFirstTwoCourses();\n});",
              "err": {},
              "uuid": "0cf4458c-8c82-4764-b41d-dc62f6b396f8",
              "parentUUID": "99ad9e4b-dc36-472b-b426-9952be6b4be4",
              "isHook": false,
              "skipped": false
            },
            {
              "title": "Task-02: Extract the languages for different levels with count",
              "fullTitle": "Coursera Project  Task-02: Extract the languages for different levels with count",
              "timedOut": null,
              "duration": 11704,
              "state": "passed",
              "speed": "slow",
              "pass": true,
              "fail": false,
              "pending": false,
              "context": null,
              "code": "cy.fixture('levels').then(data => {\n  let result = {};\n  _homePage.default.searchCourse(data.searchTerm);\n  // Loop through levels by visible text\n  data.levels.forEach(level => {\n    result[level] = [];\n    _searchPage.default.openDifficultyFilter();\n    _searchPage.default.selectDifficulty(level); //  pass text like \"Beginner\"\n    _searchPage.default.openLanguageFilter();\n    _searchPage.default.extractLanguagesForLevel(level, result);\n  });\n  cy.then(() => {\n    Object.keys(result).forEach(level => {\n      cy.log(`=== ${level} ===`);\n      result[level].forEach(({\n        language,\n        count\n      }) => {\n        cy.log(`${language}: ${count}`);\n      });\n    });\n  });\n});",
              "err": {},
              "uuid": "da2cce76-f1dd-498f-a33a-c2e4dc1f79ce",
              "parentUUID": "99ad9e4b-dc36-472b-b426-9952be6b4be4",
              "isHook": false,
              "skipped": false
            },
            {
              "title": "Task-03: Enterprise > Campus form with multiple datasets",
              "fullTitle": "Coursera Project  Task-03: Enterprise > Campus form with multiple datasets",
              "timedOut": null,
              "duration": 45856,
              "state": "passed",
              "speed": "slow",
              "pass": true,
              "fail": false,
              "pending": false,
              "context": null,
              "code": "cy.fixture('enterprise').then(datasets => {\n  datasets.forEach(form => {\n    cy.on('uncaught:exception', () => false);\n    _enterprisePage.default.openForm();\n    _enterprisePage.default.fillForm(form);\n    if (form.expectedError) {\n      cy.get('#ValidMsgEmail', {\n        timeout: 10000\n      }).should('be.visible').then($msg => {\n        cy.log(`Error for ${form.email}: ${$msg.text()}`);\n        cy.screenshot(`invalid-email-${form.email}`);\n        // expect($msg.text()).to.contain('Invalid')\n      });\n    } else {\n      cy.get('#ValidMsgEmail').should('not.exist');\n      cy.log(`Form submitted successfully for ${form.email}`);\n      cy.screenshot(`valid-email-${form.email}`);\n    }\n  });\n});",
              "err": {},
              "uuid": "aaf44d65-e563-4b2e-af3d-c6d89ce2315f",
              "parentUUID": "99ad9e4b-dc36-472b-b426-9952be6b4be4",
              "isHook": false,
              "skipped": false
            }
          ],
          "suites": [],
          "passes": [
            "0cf4458c-8c82-4764-b41d-dc62f6b396f8",
            "da2cce76-f1dd-498f-a33a-c2e4dc1f79ce",
            "aaf44d65-e563-4b2e-af3d-c6d89ce2315f"
          ],
          "failures": [],
          "pending": [],
          "skipped": [],
          "duration": 73814,
          "root": false,
          "rootEmpty": false,
          "_timeout": 2000
        }
      ],
      "passes": [],
      "failures": [],
      "pending": [],
      "skipped": [],
      "duration": 0,
      "root": true,
      "rootEmpty": true,
      "_timeout": 2000
    }
  ],
  "meta": {
    "mocha": {
      "version": "7.2.0"
    },
    "mochawesome": {
      "options": {
        "quiet": false,
        "reportFilename": "mochawesome",
        "saveHtml": true,
        "saveJson": true,
        "consoleReporter": "spec",
        "useInlineDiffs": false,
        "code": true
      },
      "version": "7.1.4"
    },
    "marge": {
      "options": {
        "reportDir": "cypress/reports",
        "overwrite": false,
        "html": true,
        "json": true
      },
      "version": "6.3.2"
    }
  }
}